<?xml version="1.0" encoding="UTF-8"?>
<!-- Generated by org.testng.reporters.JUnitReportReporter -->
<testsuite skipped="0" hostname="Lenovo-PC" name="com.projName.qa.testBase.Testbase" tests="1" failures="0" timestamp="09 May 2020 14:49:11 GMT" time="11.595" errors="0">
  <testcase name="initialization" time="11.595" classname="com.projName.qa.testBase.Testbase"/>
</testsuite> <!-- com.projName.qa.testBase.Testbase -->
