<?xml version="1.0" encoding="UTF-8"?>
<!-- Generated by org.testng.reporters.JUnitReportReporter -->
<testsuite skipped="0" hostname="Lenovo-PC" name="comprojName.qa.testcases.TC01_LoginApplication" tests="1" failures="0" timestamp="10 May 2020 15:02:13 GMT" time="12.688" errors="0">
  <testcase name="loginApplication" time="12.688" classname="comprojName.qa.testcases.TC01_LoginApplication"/>
</testsuite> <!-- comprojName.qa.testcases.TC01_LoginApplication -->
