<?xml version="1.0" encoding="UTF-8"?>
<!-- Generated by org.testng.reporters.JUnitReportReporter -->
<testsuite skipped="0" hostname="Lenovo-PC" name="com.OnlineApp.qa.testcases.LoginApplication" tests="1" failures="0" timestamp="13 May 2020 03:10:54 GMT" time="22.069" errors="0">
  <testcase name="loginApplication" time="22.069" classname="com.OnlineApp.qa.testcases.LoginApplication"/>
</testsuite> <!-- com.OnlineApp.qa.testcases.LoginApplication -->
