<?xml version="1.0" encoding="UTF-8"?>
<!-- Generated by org.testng.reporters.JUnitReportReporter -->
<testsuite skipped="0" hostname="Lenovo-PC" name="com.OnlineApp.qa.testcases.RegisterUser" tests="1" failures="0" timestamp="14 May 2020 12:02:36 GMT" time="33.203" errors="0">
  <testcase name="registerUserTest" time="33.203" classname="com.OnlineApp.qa.testcases.RegisterUser"/>
</testsuite> <!-- com.OnlineApp.qa.testcases.RegisterUser -->
