<?xml version="1.0" encoding="UTF-8"?>
<!-- Generated by org.testng.reporters.JUnitReportReporter -->
<testsuite skipped="0" hostname="Lenovo-PC" name="com.OnlineApp.qa.testcases.VerifyOrderHistory" tests="1" failures="0" timestamp="14 May 2020 12:02:36 GMT" time="63.338" errors="0">
  <testcase name="verifyOrderAmtOnHistory" time="63.338" classname="com.OnlineApp.qa.testcases.VerifyOrderHistory"/>
</testsuite> <!-- com.OnlineApp.qa.testcases.VerifyOrderHistory -->
