<?xml version="1.0" encoding="UTF-8"?>
<!-- Generated by org.testng.reporters.JUnitReportReporter -->
<testsuite skipped="0" hostname="Lenovo-PC" name="com.OnlineApp.qa.testcases.ProductAddToCart" tests="1" failures="0" timestamp="13 May 2020 11:04:55 GMT" time="84.096" errors="0">
  <testcase name="selectProduct" time="84.096" classname="com.OnlineApp.qa.testcases.ProductAddToCart"/>
</testsuite> <!-- com.OnlineApp.qa.testcases.ProductAddToCart -->
