<?xml version="1.0" encoding="UTF-8"?>
<!-- Generated by org.testng.reporters.JUnitReportReporter -->
<testsuite skipped="0" hostname="Lenovo-PC" name="comprojName.qa.testcases.TC03_Register" tests="1" failures="0" timestamp="10 May 2020 13:44:32 GMT" time="133.161" errors="0">
  <testcase name="registerUserTest" time="133.161" classname="comprojName.qa.testcases.TC03_Register"/>
</testsuite> <!-- comprojName.qa.testcases.TC03_Register -->
