<?xml version="1.0" encoding="UTF-8"?>
<!-- Generated by org.testng.reporters.JUnitReportReporter -->
<testsuite skipped="0" hostname="Lenovo-PC" name="com.OnlineApp.qa.testBase.Testbase" tests="1" failures="0" timestamp="12 May 2020 15:10:08 GMT" time="12.576" errors="0">
  <testcase name="initialization" time="12.576" classname="com.OnlineApp.qa.testBase.Testbase"/>
</testsuite> <!-- com.OnlineApp.qa.testBase.Testbase -->
