<?xml version="1.0" encoding="UTF-8"?>
<!-- Generated by org.testng.reporters.JUnitReportReporter -->
<testsuite skipped="0" hostname="Lenovo-PC" name="com.OnlineApp.qa.testcases.CompleteCheckout" tests="1" failures="0" timestamp="13 May 2020 17:01:23 GMT" time="61.830" errors="0">
  <testcase name="completeCheckout" time="61.830" classname="com.OnlineApp.qa.testcases.CompleteCheckout"/>
</testsuite> <!-- com.OnlineApp.qa.testcases.CompleteCheckout -->
