<?xml version="1.0" encoding="UTF-8"?>
<!-- Generated by org.testng.reporters.JUnitReportReporter -->
<testsuite skipped="0" hostname="Lenovo-PC" name="comprojName.qa.testcases.TC02_SearchFlight" tests="1" failures="0" timestamp="10 May 2020 15:22:13 GMT" time="14.056" errors="0">
  <testcase name="searchProduct" time="14.056" classname="comprojName.qa.testcases.TC02_SearchFlight"/>
</testsuite> <!-- comprojName.qa.testcases.TC02_SearchFlight -->
