<?xml version="1.0" encoding="UTF-8"?>
<!-- Generated by org.testng.reporters.JUnitReportReporter -->
<testsuite skipped="0" hostname="Lenovo-PC" name="com.OnlineApp.qa.testcases.TC03_Register" tests="1" failures="0" timestamp="13 May 2020 01:44:16 GMT" time="12.920" errors="0">
  <testcase name="registerUserTest" time="12.920" classname="com.OnlineApp.qa.testcases.TC03_Register"/>
</testsuite> <!-- com.OnlineApp.qa.testcases.TC03_Register -->
